<?xml version="1.0" encoding="UTF-8"?>
<!-- Generated by org.testng.reporters.JUnitReportReporter -->
<testsuite hostname="DESKTOP-4OHH1IL" failures="0" tests="2" name="com.frameworkfortest.Testframework.EndToEndTestCase" time="15.300" errors="0" timestamp="2024-11-24T16:37:34 IST" skipped="0">
  <testcase classname="com.frameworkfortest.Testframework.EndToEndTestCase" name="LoginTest" time="8.628"/>
  <system-out/>
  <testcase classname="com.frameworkfortest.Testframework.EndToEndTestCase" name="TableTest" time="6.672"/>
  <system-out/>
</testsuite> <!-- com.frameworkfortest.Testframework.EndToEndTestCase -->
