<?xml version="1.0" encoding="UTF-8"?>
<!-- Generated by org.testng.reporters.JUnitReportReporter -->
<testsuite hostname="DESKTOP-4OHH1IL" failures="0" tests="1" name="com.frameworkfortest.Testframework.ValidateDynamicTable" time="6.845" errors="0" timestamp="2024-11-25T17:02:40 IST" skipped="0">
  <testcase classname="com.frameworkfortest.Testframework.ValidateDynamicTable" name="TableTest" time="6.845"/>
  <system-out/>
</testsuite> <!-- com.frameworkfortest.Testframework.ValidateDynamicTable -->
