<?xml version="1.0" encoding="UTF-8"?>
<!-- Generated by org.testng.reporters.JUnitReportReporter -->
<testsuite hostname="DESKTOP-4OHH1IL" failures="0" tests="2" name="com.frameworkfortest.Testframework.ValidateLogin" time="22.020" errors="0" timestamp="2024-11-25T17:02:40 IST" skipped="0">
  <testcase classname="com.frameworkfortest.Testframework.ValidateLogin" name="LoginTest" time="10.716"/>
  <system-out/>
  <testcase classname="com.frameworkfortest.Testframework.ValidateLogin" name="LoginTest" time="11.304"/>
  <system-out/>
</testsuite> <!-- com.frameworkfortest.Testframework.ValidateLogin -->
