<?xml version="1.0" encoding="UTF-8"?>
<!-- Generated by org.testng.reporters.JUnitReportReporter -->
<testsuite hostname="DESKTOP-4OHH1IL" failures="0" tests="3" name="com.frameworkfortest.Testframework.cucumber.E2ERunner" time="23.720" errors="0" timestamp="2024-11-25T18:04:39 IST" skipped="0">
  <testcase classname="com.frameworkfortest.Testframework.cucumber.E2ERunner" name="runScenario" time="9.932"/>
  <system-out/>
  <testcase classname="com.frameworkfortest.Testframework.cucumber.E2ERunner" name="runScenario" time="6.757"/>
  <system-out/>
  <testcase classname="com.frameworkfortest.Testframework.cucumber.E2ERunner" name="runScenario" time="7.031"/>
  <system-out/>
</testsuite> <!-- com.frameworkfortest.Testframework.cucumber.E2ERunner -->
