<?xml version="1.0" encoding="UTF-8"?>
<!-- Generated by org.testng.reporters.JUnitReportReporter -->
<testsuite hostname="DESKTOP-4OHH1IL" failures="0" tests="1" name="com.frameworkfortest.Testframework.E2ETestCase" time="12.646" errors="0" timestamp="2024-11-25T15:53:08 IST" skipped="0">
  <testcase classname="com.frameworkfortest.Testframework.E2ETestCase" name="LoginTest" time="12.646"/>
  <system-out/>
</testsuite> <!-- com.frameworkfortest.Testframework.E2ETestCase -->
