<?xml version="1.0" encoding="UTF-8"?>
<!-- Generated by org.testng.reporters.JUnitReportReporter -->
<testsuite hostname="DESKTOP-4OHH1IL" failures="0" tests="2" name="com.frameworkfortest.Testframework.ValidateLogin" time="30.480" errors="0" timestamp="2024-11-27T15:47:52 IST" skipped="0">
  <testcase classname="com.frameworkfortest.Testframework.ValidateLogin" name="LoginTest" time="18.281"/>
  <system-out/>
  <testcase classname="com.frameworkfortest.Testframework.ValidateLogin" name="LoginTest" time="12.199"/>
  <system-out/>
</testsuite> <!-- com.frameworkfortest.Testframework.ValidateLogin -->
