<?xml version="1.0" encoding="UTF-8"?>
<!-- Generated by org.testng.reporters.JUnitReportReporter -->
<testsuite hostname="DESKTOP-4OHH1IL" failures="0" tests="1" name="com.frameworkfortest.Testframework.ValidateDynamicTable" time="15.687" errors="0" timestamp="2024-11-27T15:47:52 IST" skipped="0">
  <testcase classname="com.frameworkfortest.Testframework.ValidateDynamicTable" name="TableTest" time="15.687"/>
  <system-out/>
</testsuite> <!-- com.frameworkfortest.Testframework.ValidateDynamicTable -->
